<?xml version="1.0" encoding="UTF-8"?>
<!-- Generated by org.testng.reporters.JUnitXMLReporter -->
<testsuite ignored="0" hostname="DESKTOP-S1MQ5B3" failures="1" tests="6" name="Test" time="59.315" errors="0" timestamp="04 Aug 2023 03:27:59 GMT">
  <testcase classname="com.qa.testlayer.TestScripts_01" name="validateFormSection" time="2.16"/>
  <testcase classname="com.qa.testlayer.TestScripts_01" name="validateFormSection" time="1.962"/>
  <testcase classname="com.qa.testlayer.TestScripts_01" name="validateFormSection" time="2.104"/>
  <testcase classname="com.qa.testlayer.TestScripts_01" name="validateFormSection" time="1.927"/>
  <testcase classname="com.qa.testlayer.TestScripts_01" name="validateLinkText" time="2.03"/>
  <testcase classname="com.qa.testlayer.TestScripts_01" name="validateTitlePage" time="0.018">
    <failure type="java.lang.AssertionError" message="expected [dfefwfw] but found [Basic Controls - H Y R Tutorials]">
      <![CDATA[java.lang.AssertionError: expected [dfefwfw] but found [Basic Controls - H Y R Tutorials]
at com.qa.pages.BasicControlsPage.titleTest(BasicControlsPage.java:85)
at com.qa.testlayer.TestScripts_01.validateTitlePage(TestScripts_01.java:42)
... Removed 29 stack frames]]>
    </failure>
  </testcase> <!-- validateTitlePage -->
</testsuite> <!-- Test -->
